Wed May 13 16:09:05 AEST 2020 : Apache Derby Network Server - 10.10.2.0 - (1582446) started and ready to accept connections on port 1527
----------------------------------------------------------------
Wed May 13 16:09:46 AEST 2020:
Booting Derby version The Apache Software Foundation - Apache Derby - 10.10.2.0 - (1582446): instance a816c00e-0172-0ca6-9e5e-ffffd3e53255 
on database directory /Users/charbelachmar/.netbeans-derby/userDB with class loader sun.misc.Launcher$AppClassLoader@6f94fa3e 
Loaded from file:/Applications/NetBeans/glassfish-4.1.1/javadb/lib/derby.jar
java.vendor=Oracle Corporation
java.runtime.version=1.8.0_251-b08
user.dir=/Applications/NetBeans/glassfish-4.1.1/javadb
os.name=Mac OS X
os.arch=x86_64
os.version=10.15
derby.system.home=/Users/charbelachmar/.netbeans-derby
Database Class Loader started - derby.database.classpath=''
----------------------------------------------------------------
Wed May 13 16:25:06 AEST 2020: Shutting down Derby engine
----------------------------------------------------------------
Wed May 13 16:25:06 AEST 2020:
Shutting down instance a816c00e-0172-0ca6-9e5e-ffffd3e53255 on database directory /Users/charbelachmar/.netbeans-derby/userDB with class loader sun.misc.Launcher$AppClassLoader@6f94fa3e 
----------------------------------------------------------------
